Copyright 1986-2022 Xilinx, Inc. All Rights Reserved. Copyright 2022-2024 Advanced Micro Devices, Inc. All Rights Reserved.
-------------------------------------------------------------------------------------------------------------------------------------------------
| Tool Version     : Vivado v.2023.2.2 (lin64) Build 4126759 Thu Feb  8 23:52:05 MST 2024
| Date             : Sat May 25 20:59:04 2024
| Host             : jubu running 64-bit Ubuntu 22.04.4 LTS
| Command          : report_power -file processor_power_routed.rpt -pb processor_power_summary_routed.pb -rpx processor_power_routed.rpx
| Design           : processor
| Device           : xczu7ev-ffvc1156-2-e
| Design State     : routed
| Grade            : extended
| Process          : typical
| Characterization : Production
-------------------------------------------------------------------------------------------------------------------------------------------------

Power Report

Table of Contents
-----------------
1. Summary
1.1 On-Chip Components
1.2 Power Supply Summary
1.3 Confidence Level
2. Settings
2.1 Environment
2.2 Clock Constraints
3. Detailed Reports
3.1 By Hierarchy

1. Summary
----------

+--------------------------+--------------+
| Total On-Chip Power (W)  | 58.056       |
| Design Power Budget (W)  | Unspecified* |
| Power Budget Margin (W)  | NA           |
| Dynamic (W)              | 56.485       |
| Device Static (W)        | 1.571        |
| Effective TJA (C/W)      | 1.0          |
| Max Ambient (C)          | 43.2         |
| Junction Temperature (C) | 81.8         |
| Confidence Level         | Low          |
| Setting File             | ---          |
| Simulation Activity File | ---          |
| Design Nets Matched      | NA           |
+--------------------------+--------------+
* Specify Design Power Budget using, set_operating_conditions -design_power_budget <value in Watts>


1.1 On-Chip Components
----------------------

+----------------+-----------+----------+-----------+-----------------+
| On-Chip        | Power (W) | Used     | Available | Utilization (%) |
+----------------+-----------+----------+-----------+-----------------+
| CLB Logic      |     0.658 |      170 |       --- |             --- |
|   LUT as Logic |     0.573 |      103 |    230400 |            0.04 |
|   Register     |     0.042 |       48 |    460800 |            0.01 |
|   CARRY8       |     0.042 |        5 |     28800 |            0.02 |
|   BUFG         |    <0.001 |        1 |        64 |            1.56 |
|   Others       |     0.000 |        8 |       --- |             --- |
| Signals        |     1.241 |      188 |       --- |             --- |
| DSPs           |     0.418 |        1 |      1728 |            0.06 |
| I/O            |    54.168 |       95 |       360 |           26.39 |
| Static Power   |     1.571 |          |           |                 |
| Total          |    58.056 |          |           |                 |
+----------------+-----------+----------+-----------+-----------------+


1.2 Power Supply Summary
------------------------

+-----------------+-------------+-----------+-------------+------------+-------------+-------------+------------+
| Source          | Voltage (V) | Total (A) | Dynamic (A) | Static (A) | Powerup (A) | Budget (A)  | Margin (A) |
+-----------------+-------------+-----------+-------------+------------+-------------+-------------+------------+
| Vccint          |       0.850 |     3.793 |       2.726 |      1.067 |       NA    | Unspecified | NA         |
| Vccint_io       |       0.850 |     2.703 |       2.594 |      0.109 |       NA    | Unspecified | NA         |
| Vccbram         |       0.850 |     0.014 |       0.000 |      0.014 |       NA    | Unspecified | NA         |
| Vccaux          |       1.800 |     0.167 |       0.000 |      0.167 |       NA    | Unspecified | NA         |
| Vccaux_io       |       1.800 |     6.367 |       6.311 |      0.056 |       NA    | Unspecified | NA         |
| Vcco33          |       3.300 |     0.000 |       0.000 |      0.000 |       NA    | Unspecified | NA         |
| Vcco25          |       2.500 |     0.000 |       0.000 |      0.000 |       NA    | Unspecified | NA         |
| Vcco18          |       1.800 |    22.557 |      22.557 |      0.000 |       NA    | Unspecified | NA         |
| Vcco15          |       1.500 |     0.000 |       0.000 |      0.000 |       NA    | Unspecified | NA         |
| Vcco135         |       1.350 |     0.000 |       0.000 |      0.000 |       NA    | Unspecified | NA         |
| Vcco12          |       1.200 |     0.000 |       0.000 |      0.000 |       NA    | Unspecified | NA         |
| Vcco10          |       1.000 |     0.000 |       0.000 |      0.000 |       NA    | Unspecified | NA         |
| Vccadc          |       1.800 |     0.008 |       0.000 |      0.008 |       NA    | Unspecified | NA         |
| VCC_PSINTFP     |       0.850 |     0.000 |       0.000 |      0.000 |       NA    | Unspecified | NA         |
| VCC_PSINTLP     |       0.850 |     0.025 |       0.000 |      0.025 |       NA    | Unspecified | NA         |
| VPS_MGTRAVCC    |       0.850 |     0.000 |       0.000 |      0.000 |       NA    | Unspecified | NA         |
| VCC_PSINTFP_DDR |       0.850 |     0.000 |       0.000 |      0.000 |       NA    | Unspecified | NA         |
| VCC_PSPLL       |       1.200 |     0.002 |       0.000 |      0.002 |       NA    | Unspecified | NA         |
| VPS_MGTRAVTT    |       1.800 |     0.000 |       0.000 |      0.000 |       NA    | Unspecified | NA         |
| VCCO_PSDDR_504  |       1.200 |     0.000 |       0.000 |      0.000 |       NA    | Unspecified | NA         |
| VCC_PSAUX       |       1.800 |     0.002 |       0.000 |      0.002 |       NA    | Unspecified | NA         |
| VCC_PSBATT      |       1.200 |     0.000 |       0.000 |      0.000 |       NA    | Unspecified | NA         |
| VCC_PSDDR_PLL   |       1.800 |     0.000 |       0.000 |      0.000 |       NA    | Unspecified | NA         |
| VCCO_PSIO0_500  |       3.300 |     0.000 |       0.000 |      0.000 |       NA    | Unspecified | NA         |
| VCCO_PSIO1_501  |       3.300 |     0.000 |       0.000 |      0.000 |       NA    | Unspecified | NA         |
| VCCO_PSIO2_502  |       3.300 |     0.000 |       0.000 |      0.000 |       NA    | Unspecified | NA         |
| VCCO_PSIO3_503  |       3.300 |     0.000 |       0.000 |      0.000 |       NA    | Unspecified | NA         |
| VCC_PSADC       |       1.800 |     0.002 |       0.000 |      0.002 |       NA    | Unspecified | NA         |
| VCCINT_VCU      |       0.900 |     0.128 |       0.000 |      0.128 |       NA    | Unspecified | NA         |
| MGTAVcc         |       0.900 |     0.000 |       0.000 |      0.000 |       NA    | Unspecified | NA         |
| MGTAVtt         |       1.200 |     0.000 |       0.000 |      0.000 |       NA    | Unspecified | NA         |
| MGTVccaux       |       1.800 |     0.000 |       0.000 |      0.000 |       NA    | Unspecified | NA         |
+-----------------+-------------+-----------+-------------+------------+-------------+-------------+------------+


1.3 Confidence Level
--------------------

+-----------------------------+------------+--------------------------------------------------------+--------------------------------------------------------------------------------------------------------------------+
| User Input Data             | Confidence | Details                                                | Action                                                                                                             |
+-----------------------------+------------+--------------------------------------------------------+--------------------------------------------------------------------------------------------------------------------+
| Design implementation state | High       | Design is routed                                       |                                                                                                                    |
| Clock nodes activity        | Low        | User specified less than 75% of clocks                 | Provide missing clock activity with a constraint file, simulation results or by editing the "By Clock Domain" view |
| I/O nodes activity          | Low        | More than 75% of inputs are missing user specification | Provide missing input activity with simulation results or by editing the "By Resource Type -> I/Os" view           |
| Internal nodes activity     | Medium     | User specified less than 25% of internal nodes         | Provide missing internal nodes activity with simulation results or by editing the "By Resource Type" views         |
| Device models               | High       | Device models are Production                           |                                                                                                                    |
|                             |            |                                                        |                                                                                                                    |
| Overall confidence level    | Low        |                                                        |                                                                                                                    |
+-----------------------------+------------+--------------------------------------------------------+--------------------------------------------------------------------------------------------------------------------+


2. Settings
-----------

2.1 Environment
---------------

+-----------------------+--------------------------+
| Ambient Temp (C)      | 25.0                     |
| ThetaJA (C/W)         | 1.0                      |
| Airflow (LFM)         | 250                      |
| Heat Sink             | medium (Medium Profile)  |
| ThetaSA (C/W)         | 1.5                      |
| Board Selection       | medium (10"x10")         |
| # of Board Layers     | 12to15 (12 to 15 Layers) |
| Board Temperature (C) | 25.0                     |
+-----------------------+--------------------------+


2.2 Clock Constraints
---------------------

+-------+--------+-----------------+
| Clock | Domain | Constraint (ns) |
+-------+--------+-----------------+


3. Detailed Reports
-------------------

3.1 By Hierarchy
----------------

+-----------------------------+-----------+
| Name                        | Power (W) |
+-----------------------------+-----------+
| processor                   |    56.485 |
|   alu                       |     1.038 |
|   clk_IBUF_inst             |     0.006 |
|   data_sp                   |     0.392 |
|   instr_IBUF[0]_inst        |     0.010 |
|   instr_IBUF[10]_inst       |     0.008 |
|   instr_IBUF[11]_inst       |     0.001 |
|   instr_IBUF[1]_inst        |     0.011 |
|   instr_IBUF[2]_inst        |     0.010 |
|   instr_IBUF[3]_inst        |     0.010 |
|   instr_IBUF[4]_inst        |     0.010 |
|   instr_IBUF[5]_inst        |     0.010 |
|   instr_IBUF[6]_inst        |     0.009 |
|   instr_IBUF[7]_inst        |     0.010 |
|   instr_IBUF[8]_inst        |     0.012 |
|   instr_IBUF[9]_inst        |     0.012 |
|   mem_data_in_IBUF[0]_inst  |     0.012 |
|   mem_data_in_IBUF[10]_inst |     0.016 |
|   mem_data_in_IBUF[11]_inst |     0.017 |
|   mem_data_in_IBUF[12]_inst |     0.012 |
|   mem_data_in_IBUF[13]_inst |     0.011 |
|   mem_data_in_IBUF[14]_inst |     0.012 |
|   mem_data_in_IBUF[15]_inst |     0.017 |
|   mem_data_in_IBUF[16]_inst |     0.010 |
|   mem_data_in_IBUF[17]_inst |     0.010 |
|   mem_data_in_IBUF[18]_inst |     0.012 |
|   mem_data_in_IBUF[19]_inst |     0.010 |
|   mem_data_in_IBUF[1]_inst  |     0.014 |
|   mem_data_in_IBUF[20]_inst |     0.011 |
|   mem_data_in_IBUF[21]_inst |     0.010 |
|   mem_data_in_IBUF[22]_inst |     0.013 |
|   mem_data_in_IBUF[23]_inst |     0.010 |
|   mem_data_in_IBUF[24]_inst |     0.009 |
|   mem_data_in_IBUF[25]_inst |     0.009 |
|   mem_data_in_IBUF[26]_inst |     0.009 |
|   mem_data_in_IBUF[27]_inst |     0.010 |
|   mem_data_in_IBUF[28]_inst |     0.009 |
|   mem_data_in_IBUF[29]_inst |     0.009 |
|   mem_data_in_IBUF[2]_inst  |     0.015 |
|   mem_data_in_IBUF[30]_inst |     0.013 |
|   mem_data_in_IBUF[31]_inst |     0.009 |
|   mem_data_in_IBUF[3]_inst  |     0.013 |
|   mem_data_in_IBUF[4]_inst  |     0.013 |
|   mem_data_in_IBUF[5]_inst  |     0.018 |
|   mem_data_in_IBUF[6]_inst  |     0.012 |
|   mem_data_in_IBUF[7]_inst  |     0.012 |
|   mem_data_in_IBUF[8]_inst  |     0.012 |
|   mem_data_in_IBUF[9]_inst  |     0.013 |
|   pc                        |     0.172 |
+-----------------------------+-----------+


