INFO: [VRFC 10-2263] Analyzing Verilog file "/home/juan/github/simpleComputer/hardware/alu.v" into library xil_defaultlib
INFO: [VRFC 10-311] analyzing module alumux
INFO: [VRFC 10-311] analyzing module alu
INFO: [VRFC 10-2263] Analyzing Verilog file "/home/juan/github/simpleComputer/hardware/instr_decoder.v" into library xil_defaultlib
INFO: [VRFC 10-311] analyzing module instr_decoder
INFO: [VRFC 10-2263] Analyzing Verilog file "/home/juan/github/simpleComputer/hardware/pc.v" into library xil_defaultlib
INFO: [VRFC 10-311] analyzing module pc
INFO: [VRFC 10-2263] Analyzing Verilog file "/home/juan/github/simpleComputer/hardware/stack_pointer.v" into library xil_defaultlib
INFO: [VRFC 10-311] analyzing module stack_pointer
INFO: [VRFC 10-2263] Analyzing Verilog file "/home/juan/github/simpleComputer/hardware/processor.v" into library xil_defaultlib
INFO: [VRFC 10-311] analyzing module processor
INFO: [VRFC 10-2263] Analyzing Verilog file "/home/juan/github/simpleComputer/xilinx_simpleComputer/xilinx_simpleComputer.gen/sources_1/bd/simpleComputer/sim/simpleComputer.v" into library xil_defaultlib
INFO: [VRFC 10-311] analyzing module simpleComputer
INFO: [VRFC 10-2263] Analyzing Verilog file "/home/juan/github/simpleComputer/hardware/mem_data.v" into library xil_defaultlib
INFO: [VRFC 10-311] analyzing module mem_data
INFO: [VRFC 10-2263] Analyzing Verilog file "/home/juan/github/simpleComputer/hardware/mem_instr.v" into library xil_defaultlib
INFO: [VRFC 10-311] analyzing module mem_instr
INFO: [VRFC 10-2263] Analyzing Verilog file "/home/juan/github/simpleComputer/hardware/tb_simpleProcessor.v" into library xil_defaultlib
INFO: [VRFC 10-311] analyzing module tb_simpleProcessor
INFO: [VRFC 10-2263] Analyzing Verilog file "/home/juan/github/simpleComputer/hardware/tb_alu.v" into library xil_defaultlib
INFO: [VRFC 10-311] analyzing module tb_alu
